<?xml version="1.0" encoding="UTF-8"?>
<!-- Generated by org.testng.reporters.JUnitReportReporter -->
<testsuite hostname="binsonPc" failures="0" tests="1" name="autuomation.Run1" time="7.895" errors="0" timestamp="2021-01-29T12:26:56 EST" skipped="0">
  <testcase classname="autuomation.Run1" name="f" time="7.895"/>
  <system-out/>
</testsuite> <!-- autuomation.Run1 -->
