<?xml version="1.0" encoding="UTF-8"?>
<!-- Generated by org.testng.reporters.JUnitReportReporter -->
<testsuite hostname="binsonPc" failures="0" tests="4" name="dataProvider.RunData" time="10.814" errors="0" timestamp="2021-03-04T09:12:58 EST" skipped="0">
  <testcase classname="dataProvider.RunData" name="f" time="2.551"/>
  <system-out/>
  <testcase classname="dataProvider.RunData" name="f" time="3.278"/>
  <system-out/>
  <testcase classname="dataProvider.RunData" name="f" time="2.364"/>
  <system-out/>
  <testcase classname="dataProvider.RunData" name="f" time="2.621"/>
  <system-out/>
</testsuite> <!-- dataProvider.RunData -->
