<?xml version="1.0" encoding="UTF-8"?>
<!-- Generated by org.testng.reporters.JUnitReportReporter -->
<testsuite hostname="binsonPc" failures="0" tests="1" name="dataProvider.NewTest" time="2.024" errors="0" timestamp="2021-02-02T16:22:38 EST" skipped="0">
  <testcase classname="dataProvider.NewTest" name="f" time="2.024"/>
  <system-out/>
</testsuite> <!-- dataProvider.NewTest -->
