<?xml version="1.0" encoding="UTF-8"?>
<!-- Generated by org.testng.reporters.JUnitReportReporter -->
<testsuite hostname="binsonPc" failures="0" tests="1" name="BankofAmerica.AppTest" time="0.006" errors="0" timestamp="2020-12-07T10:50:27 EST" skipped="0">
  <testcase classname="BankofAmerica.AppTest" name="shouldAnswerWithTrue" time="0.006"/>
  <system-out/>
</testsuite> <!-- BankofAmerica.AppTest -->
