<?xml version="1.0" encoding="UTF-8"?>
<!-- Generated by org.testng.reporters.JUnitReportReporter -->
<testsuite hostname="binsonPc" failures="0" tests="1" name="Search.test1_GoogleSearch" time="6.455" errors="0" timestamp="2020-12-06T20:53:05 EST" skipped="0">
  <testcase classname="Search.test1_GoogleSearch" name="f" time="6.455"/>
  <system-out/>
</testsuite> <!-- Search.test1_GoogleSearch -->
