<?xml version="1.0" encoding="UTF-8"?>
<!-- Generated by org.testng.reporters.JUnitReportReporter -->
<testsuite hostname="binsonPc" failures="0" tests="1" name="Search.AppTest" time="0.009" errors="0" timestamp="2020-12-06T15:27:20 EST" skipped="0">
  <testcase classname="Search.AppTest" name="shouldAnswerWithTrue" time="0.009"/>
  <system-out/>
</testsuite> <!-- Search.AppTest -->
